[2021-01-11 13:27:22] app.INFO: Protect vendor folder in module contactform [] []
[2021-01-11 13:27:22] app.INFO: Module contactform has no vendor folder [] []
[2021-01-11 13:27:24] app.INFO: Protect vendor folder in module dashactivity [] []
[2021-01-11 13:27:24] app.INFO: Module dashactivity has no vendor folder [] []
[2021-01-11 13:27:28] app.INFO: Protect vendor folder in module dashgoals [] []
[2021-01-11 13:27:28] app.INFO: Module dashgoals has no vendor folder [] []
[2021-01-11 13:27:30] app.INFO: Protect vendor folder in module dashproducts [] []
[2021-01-11 13:27:30] app.INFO: Module dashproducts has no vendor folder [] []
[2021-01-11 13:27:31] app.INFO: Protect vendor folder in module dashtrends [] []
[2021-01-11 13:27:31] app.INFO: Module dashtrends has no vendor folder [] []
[2021-01-11 13:27:31] app.INFO: Protect vendor folder in module graphnvd3 [] []
[2021-01-11 13:27:32] app.INFO: Module graphnvd3 has no vendor folder [] []
[2021-01-11 13:27:32] app.INFO: Protect vendor folder in module gridhtml [] []
[2021-01-11 13:27:32] app.INFO: Module gridhtml has no vendor folder [] []
[2021-01-11 13:27:34] app.INFO: Protect vendor folder in module gsitemap [] []
[2021-01-11 13:27:34] app.INFO: Module gsitemap has no vendor folder [] []
[2021-01-11 13:27:35] app.INFO: Protect vendor folder in module pagesnotfound [] []
[2021-01-11 13:27:35] app.INFO: Module pagesnotfound has no vendor folder [] []
[2021-01-11 13:27:41] app.INFO: Protect vendor folder in module productcomments [] []
[2021-01-11 13:27:41] app.INFO: Module productcomments has no vendor folder [] []
[2021-01-11 13:27:42] app.INFO: Protect vendor folder in module ps_banner [] []
[2021-01-11 13:27:42] app.INFO: Module ps_banner has no vendor folder [] []
[2021-01-11 13:27:44] app.INFO: Protect vendor folder in module ps_categorytree [] []
[2021-01-11 13:27:44] app.INFO: Module ps_categorytree has no vendor folder [] []
[2021-01-11 13:27:46] app.INFO: Protect vendor folder in module ps_checkpayment [] []
[2021-01-11 13:27:46] app.INFO: Module ps_checkpayment has no vendor folder [] []
[2021-01-11 13:27:47] app.INFO: Protect vendor folder in module ps_contactinfo [] []
[2021-01-11 13:27:47] app.INFO: Module ps_contactinfo has no vendor folder [] []
[2021-01-11 13:27:48] app.INFO: Protect vendor folder in module ps_crossselling [] []
[2021-01-11 13:27:48] app.INFO: Module ps_crossselling has no vendor folder [] []
[2021-01-11 13:27:49] app.INFO: Protect vendor folder in module ps_currencyselector [] []
[2021-01-11 13:27:49] app.INFO: Module ps_currencyselector has no vendor folder [] []
[2021-01-11 13:27:50] app.INFO: Protect vendor folder in module ps_customeraccountlinks [] []
[2021-01-11 13:27:50] app.INFO: Module ps_customeraccountlinks has no vendor folder [] []
[2021-01-11 13:27:51] app.INFO: Protect vendor folder in module ps_customersignin [] []
[2021-01-11 13:27:51] app.INFO: Module ps_customersignin has no vendor folder [] []
[2021-01-11 13:27:54] app.INFO: Protect vendor folder in module ps_customtext [] []
[2021-01-11 13:27:54] app.INFO: Module ps_customtext has no vendor folder [] []
[2021-01-11 13:27:55] app.INFO: Protect vendor folder in module ps_dataprivacy [] []
[2021-01-11 13:27:55] app.INFO: Module ps_dataprivacy has no vendor folder [] []
[2021-01-11 13:27:58] app.INFO: Protect vendor folder in module ps_emailsubscription [] []
[2021-01-11 13:27:58] app.INFO: Module ps_emailsubscription has no vendor folder [] []
[2021-01-11 13:28:07] app.INFO: Protect vendor folder in module ps_facetedsearch [] []
[2021-01-11 13:28:08] app.INFO: Module ps_facetedsearch has no vendor folder [] []
[2021-01-11 13:28:09] app.INFO: Protect vendor folder in module ps_faviconnotificationbo [] []
[2021-01-11 13:28:09] app.INFO: Module ps_faviconnotificationbo has no vendor folder [] []
[2021-01-11 13:28:11] app.INFO: Protect vendor folder in module ps_featuredproducts [] []
[2021-01-11 13:28:11] app.INFO: Module ps_featuredproducts has no vendor folder [] []
[2021-01-11 13:28:14] app.INFO: Protect vendor folder in module ps_imageslider [] []
[2021-01-11 13:28:14] app.INFO: Module ps_imageslider has no vendor folder [] []
[2021-01-11 13:28:15] app.INFO: Protect vendor folder in module ps_languageselector [] []
[2021-01-11 13:28:15] app.INFO: Module ps_languageselector has no vendor folder [] []
[2021-01-11 13:28:17] app.INFO: Protect vendor folder in module ps_linklist [] []
[2021-01-11 13:28:18] app.INFO: Module ps_linklist has no vendor folder [] []
[2021-01-11 13:28:18] app.ERROR: Cannot register tab "AdminLinkWidget" because it already exists [] []
[2021-01-11 13:28:21] app.INFO: Protect vendor folder in module ps_mainmenu [] []
[2021-01-11 13:28:21] app.INFO: Module ps_mainmenu has no vendor folder [] []
[2021-01-11 13:28:22] app.INFO: Protect vendor folder in module ps_searchbar [] []
[2021-01-11 13:28:22] app.INFO: Module ps_searchbar has no vendor folder [] []
[2021-01-11 13:28:23] app.INFO: Protect vendor folder in module ps_sharebuttons [] []
[2021-01-11 13:28:23] app.INFO: Module ps_sharebuttons has no vendor folder [] []
[2021-01-11 13:28:24] app.INFO: Protect vendor folder in module ps_shoppingcart [] []
[2021-01-11 13:28:24] app.INFO: Module ps_shoppingcart has no vendor folder [] []
[2021-01-11 13:28:26] app.INFO: Protect vendor folder in module ps_socialfollow [] []
[2021-01-11 13:28:26] app.INFO: Module ps_socialfollow has no vendor folder [] []
[2021-01-11 13:28:29] app.INFO: Protect vendor folder in module ps_themecusto [] []
[2021-01-11 13:28:29] app.INFO: Module ps_themecusto has no vendor folder [] []
[2021-01-11 13:28:31] app.INFO: Protect vendor folder in module ps_wirepayment [] []
[2021-01-11 13:28:31] app.INFO: Module ps_wirepayment has no vendor folder [] []
[2021-01-11 13:28:31] app.INFO: Protect vendor folder in module sekeywords [] []
[2021-01-11 13:28:31] app.INFO: Module sekeywords has no vendor folder [] []
[2021-01-11 13:28:32] app.INFO: Protect vendor folder in module statsbestcategories [] []
[2021-01-11 13:28:32] app.INFO: Module statsbestcategories has no vendor folder [] []
[2021-01-11 13:28:33] app.INFO: Protect vendor folder in module statsbestcustomers [] []
[2021-01-11 13:28:33] app.INFO: Module statsbestcustomers has no vendor folder [] []
[2021-01-11 13:28:34] app.INFO: Protect vendor folder in module statsbestproducts [] []
[2021-01-11 13:28:34] app.INFO: Module statsbestproducts has no vendor folder [] []
[2021-01-11 13:28:34] app.INFO: Protect vendor folder in module statsbestsuppliers [] []
[2021-01-11 13:28:35] app.INFO: Module statsbestsuppliers has no vendor folder [] []
[2021-01-11 13:28:35] app.INFO: Protect vendor folder in module statsbestvouchers [] []
[2021-01-11 13:28:35] app.INFO: Module statsbestvouchers has no vendor folder [] []
[2021-01-11 13:28:36] app.INFO: Protect vendor folder in module statscarrier [] []
[2021-01-11 13:28:36] app.INFO: Module statscarrier has no vendor folder [] []
[2021-01-11 13:28:37] app.INFO: Protect vendor folder in module statscatalog [] []
[2021-01-11 13:28:37] app.INFO: Module statscatalog has no vendor folder [] []
[2021-01-11 13:28:38] app.INFO: Protect vendor folder in module statscheckup [] []
[2021-01-11 13:28:38] app.INFO: Module statscheckup has no vendor folder [] []
[2021-01-11 13:28:39] app.INFO: Protect vendor folder in module statsdata [] []
[2021-01-11 13:28:39] app.INFO: Module statsdata has no vendor folder [] []
[2021-01-11 13:28:40] app.INFO: Protect vendor folder in module statsequipment [] []
[2021-01-11 13:28:40] app.INFO: Module statsequipment has no vendor folder [] []
[2021-01-11 13:28:41] app.INFO: Protect vendor folder in module statsforecast [] []
[2021-01-11 13:28:41] app.INFO: Module statsforecast has no vendor folder [] []
[2021-01-11 13:28:41] app.INFO: Protect vendor folder in module statslive [] []
[2021-01-11 13:28:42] app.INFO: Module statslive has no vendor folder [] []
[2021-01-11 13:28:42] app.INFO: Protect vendor folder in module statsnewsletter [] []
[2021-01-11 13:28:42] app.INFO: Module statsnewsletter has no vendor folder [] []
[2021-01-11 13:28:43] app.INFO: Protect vendor folder in module statsorigin [] []
[2021-01-11 13:28:43] app.INFO: Module statsorigin has no vendor folder [] []
[2021-01-11 13:28:44] app.INFO: Protect vendor folder in module statspersonalinfos [] []
[2021-01-11 13:28:44] app.INFO: Module statspersonalinfos has no vendor folder [] []
[2021-01-11 13:28:44] app.INFO: Protect vendor folder in module statsproduct [] []
[2021-01-11 13:28:45] app.INFO: Module statsproduct has no vendor folder [] []
[2021-01-11 13:28:45] app.INFO: Protect vendor folder in module statsregistrations [] []
[2021-01-11 13:28:45] app.INFO: Module statsregistrations has no vendor folder [] []
[2021-01-11 13:28:47] app.INFO: Protect vendor folder in module statssales [] []
[2021-01-11 13:28:47] app.INFO: Module statssales has no vendor folder [] []
[2021-01-11 13:28:48] app.INFO: Protect vendor folder in module statssearch [] []
[2021-01-11 13:28:48] app.INFO: Module statssearch has no vendor folder [] []
[2021-01-11 13:28:48] app.INFO: Protect vendor folder in module statsstock [] []
[2021-01-11 13:28:48] app.INFO: Module statsstock has no vendor folder [] []
[2021-01-11 13:28:49] app.INFO: Protect vendor folder in module statsvisits [] []
[2021-01-11 13:28:49] app.INFO: Module statsvisits has no vendor folder [] []
[2021-01-11 13:28:51] app.INFO: Protect vendor folder in module welcome [] []
[2021-01-11 13:28:51] app.INFO: Module welcome has no vendor folder [] []
[2021-01-11 13:28:52] app.INFO: Exporting mail with theme modern for language English (English) [] []
[2021-01-11 13:28:52] app.INFO: Core output folder: /opt/lampp/htdocs/prestashop_1.7.7.0/mails [] []
[2021-01-11 13:28:52] app.INFO: Modules output folder: /opt/lampp/htdocs/prestashop_1.7.7.0/modules/ [] []
[2021-01-11 13:49:08] app.INFO: Protect vendor folder in module contactform [] []
[2021-01-11 13:49:08] app.INFO: Module contactform has no vendor folder [] []
[2021-01-11 13:49:10] app.INFO: Protect vendor folder in module dashactivity [] []
[2021-01-11 13:49:10] app.INFO: Module dashactivity has no vendor folder [] []
[2021-01-11 13:49:13] app.INFO: Protect vendor folder in module dashgoals [] []
[2021-01-11 13:49:13] app.INFO: Module dashgoals has no vendor folder [] []
[2021-01-11 13:49:14] app.INFO: Protect vendor folder in module dashproducts [] []
[2021-01-11 13:49:14] app.INFO: Module dashproducts has no vendor folder [] []
[2021-01-11 13:49:15] app.INFO: Protect vendor folder in module dashtrends [] []
[2021-01-11 13:49:15] app.INFO: Module dashtrends has no vendor folder [] []
[2021-01-11 13:49:16] app.INFO: Protect vendor folder in module graphnvd3 [] []
[2021-01-11 13:49:16] app.INFO: Module graphnvd3 has no vendor folder [] []
[2021-01-11 13:49:17] app.INFO: Protect vendor folder in module gridhtml [] []
[2021-01-11 13:49:17] app.INFO: Module gridhtml has no vendor folder [] []
[2021-01-11 13:49:18] app.INFO: Protect vendor folder in module gsitemap [] []
[2021-01-11 13:49:18] app.INFO: Module gsitemap has no vendor folder [] []
[2021-01-11 13:49:20] app.INFO: Protect vendor folder in module pagesnotfound [] []
[2021-01-11 13:49:20] app.INFO: Module pagesnotfound has no vendor folder [] []
[2021-01-11 13:49:25] app.INFO: Protect vendor folder in module productcomments [] []
[2021-01-11 13:49:25] app.INFO: Module productcomments has no vendor folder [] []
[2021-01-11 13:49:26] app.INFO: Protect vendor folder in module ps_banner [] []
[2021-01-11 13:49:27] app.INFO: Module ps_banner has no vendor folder [] []
[2021-01-11 13:49:28] app.INFO: Protect vendor folder in module ps_categorytree [] []
[2021-01-11 13:49:28] app.INFO: Module ps_categorytree has no vendor folder [] []
[2021-01-11 13:49:30] app.INFO: Protect vendor folder in module ps_checkpayment [] []
[2021-01-11 13:49:30] app.INFO: Module ps_checkpayment has no vendor folder [] []
[2021-01-11 13:49:31] app.INFO: Protect vendor folder in module ps_contactinfo [] []
[2021-01-11 13:49:31] app.INFO: Module ps_contactinfo has no vendor folder [] []
[2021-01-11 13:49:32] app.INFO: Protect vendor folder in module ps_crossselling [] []
[2021-01-11 13:49:32] app.INFO: Module ps_crossselling has no vendor folder [] []
[2021-01-11 13:49:32] app.INFO: Protect vendor folder in module ps_currencyselector [] []
[2021-01-11 13:49:32] app.INFO: Module ps_currencyselector has no vendor folder [] []
[2021-01-11 13:49:33] app.INFO: Protect vendor folder in module ps_customeraccountlinks [] []
[2021-01-11 13:49:33] app.INFO: Module ps_customeraccountlinks has no vendor folder [] []
[2021-01-11 13:49:34] app.INFO: Protect vendor folder in module ps_customersignin [] []
[2021-01-11 13:49:34] app.INFO: Module ps_customersignin has no vendor folder [] []
[2021-01-11 13:49:36] app.INFO: Protect vendor folder in module ps_customtext [] []
[2021-01-11 13:49:36] app.INFO: Module ps_customtext has no vendor folder [] []
[2021-01-11 13:49:37] app.INFO: Protect vendor folder in module ps_dataprivacy [] []
[2021-01-11 13:49:37] app.INFO: Module ps_dataprivacy has no vendor folder [] []
[2021-01-11 13:49:40] app.INFO: Protect vendor folder in module ps_emailsubscription [] []
[2021-01-11 13:49:40] app.INFO: Module ps_emailsubscription has no vendor folder [] []
[2021-01-11 13:49:49] app.INFO: Protect vendor folder in module ps_facetedsearch [] []
[2021-01-11 13:49:49] app.INFO: Module ps_facetedsearch has no vendor folder [] []
[2021-01-11 13:49:51] app.INFO: Protect vendor folder in module ps_faviconnotificationbo [] []
[2021-01-11 13:49:51] app.INFO: Module ps_faviconnotificationbo has no vendor folder [] []
[2021-01-11 13:49:52] app.INFO: Protect vendor folder in module ps_featuredproducts [] []
[2021-01-11 13:49:52] app.INFO: Module ps_featuredproducts has no vendor folder [] []
[2021-01-11 13:49:55] app.INFO: Protect vendor folder in module ps_imageslider [] []
[2021-01-11 13:49:55] app.INFO: Module ps_imageslider has no vendor folder [] []
[2021-01-11 13:49:55] app.INFO: Protect vendor folder in module ps_languageselector [] []
[2021-01-11 13:49:56] app.INFO: Module ps_languageselector has no vendor folder [] []
[2021-01-11 13:49:57] app.INFO: Protect vendor folder in module ps_linklist [] []
[2021-01-11 13:49:57] app.INFO: Module ps_linklist has no vendor folder [] []
[2021-01-11 13:49:58] app.ERROR: Cannot register tab "AdminLinkWidget" because it already exists [] []
[2021-01-11 13:50:02] app.INFO: Protect vendor folder in module ps_mainmenu [] []
[2021-01-11 13:50:02] app.INFO: Module ps_mainmenu has no vendor folder [] []
[2021-01-11 13:50:03] app.INFO: Protect vendor folder in module ps_searchbar [] []
[2021-01-11 13:50:03] app.INFO: Module ps_searchbar has no vendor folder [] []
[2021-01-11 13:50:04] app.INFO: Protect vendor folder in module ps_sharebuttons [] []
[2021-01-11 13:50:04] app.INFO: Module ps_sharebuttons has no vendor folder [] []
[2021-01-11 13:50:05] app.INFO: Protect vendor folder in module ps_shoppingcart [] []
[2021-01-11 13:50:05] app.INFO: Module ps_shoppingcart has no vendor folder [] []
[2021-01-11 13:50:06] app.INFO: Protect vendor folder in module ps_socialfollow [] []
[2021-01-11 13:50:06] app.INFO: Module ps_socialfollow has no vendor folder [] []
[2021-01-11 13:50:09] app.INFO: Protect vendor folder in module ps_themecusto [] []
[2021-01-11 13:50:09] app.INFO: Module ps_themecusto has no vendor folder [] []
[2021-01-11 13:50:11] app.INFO: Protect vendor folder in module ps_wirepayment [] []
[2021-01-11 13:50:11] app.INFO: Module ps_wirepayment has no vendor folder [] []
[2021-01-11 13:50:12] app.INFO: Protect vendor folder in module sekeywords [] []
[2021-01-11 13:50:13] app.INFO: Module sekeywords has no vendor folder [] []
[2021-01-11 13:50:13] app.INFO: Protect vendor folder in module statsbestcategories [] []
[2021-01-11 13:50:13] app.INFO: Module statsbestcategories has no vendor folder [] []
[2021-01-11 13:50:14] app.INFO: Protect vendor folder in module statsbestcustomers [] []
[2021-01-11 13:50:14] app.INFO: Module statsbestcustomers has no vendor folder [] []
[2021-01-11 13:50:16] app.INFO: Protect vendor folder in module statsbestproducts [] []
[2021-01-11 13:50:16] app.INFO: Module statsbestproducts has no vendor folder [] []
[2021-01-11 13:50:17] app.INFO: Protect vendor folder in module statsbestsuppliers [] []
[2021-01-11 13:50:17] app.INFO: Module statsbestsuppliers has no vendor folder [] []
[2021-01-11 13:50:18] app.INFO: Protect vendor folder in module statsbestvouchers [] []
[2021-01-11 13:50:18] app.INFO: Module statsbestvouchers has no vendor folder [] []
[2021-01-11 13:50:18] app.INFO: Protect vendor folder in module statscarrier [] []
[2021-01-11 13:50:19] app.INFO: Module statscarrier has no vendor folder [] []
[2021-01-11 13:50:19] app.INFO: Protect vendor folder in module statscatalog [] []
[2021-01-11 13:50:19] app.INFO: Module statscatalog has no vendor folder [] []
[2021-01-11 13:50:20] app.INFO: Protect vendor folder in module statscheckup [] []
[2021-01-11 13:50:20] app.INFO: Module statscheckup has no vendor folder [] []
[2021-01-11 13:50:22] app.INFO: Protect vendor folder in module statsdata [] []
[2021-01-11 13:50:22] app.INFO: Module statsdata has no vendor folder [] []
[2021-01-11 13:50:22] app.INFO: Protect vendor folder in module statsequipment [] []
[2021-01-11 13:50:22] app.INFO: Module statsequipment has no vendor folder [] []
[2021-01-11 13:50:23] app.INFO: Protect vendor folder in module statsforecast [] []
[2021-01-11 13:50:23] app.INFO: Module statsforecast has no vendor folder [] []
[2021-01-11 13:50:24] app.INFO: Protect vendor folder in module statslive [] []
[2021-01-11 13:50:24] app.INFO: Module statslive has no vendor folder [] []
[2021-01-11 13:50:25] app.INFO: Protect vendor folder in module statsnewsletter [] []
[2021-01-11 13:50:25] app.INFO: Module statsnewsletter has no vendor folder [] []
[2021-01-11 13:50:26] app.INFO: Protect vendor folder in module statsorigin [] []
[2021-01-11 13:50:26] app.INFO: Module statsorigin has no vendor folder [] []
[2021-01-11 13:50:26] app.INFO: Protect vendor folder in module statspersonalinfos [] []
[2021-01-11 13:50:26] app.INFO: Module statspersonalinfos has no vendor folder [] []
[2021-01-11 13:50:27] app.INFO: Protect vendor folder in module statsproduct [] []
[2021-01-11 13:50:27] app.INFO: Module statsproduct has no vendor folder [] []
[2021-01-11 13:50:29] app.INFO: Protect vendor folder in module statsregistrations [] []
[2021-01-11 13:50:29] app.INFO: Module statsregistrations has no vendor folder [] []
[2021-01-11 13:50:29] app.INFO: Protect vendor folder in module statssales [] []
[2021-01-11 13:50:29] app.INFO: Module statssales has no vendor folder [] []
[2021-01-11 13:50:31] app.INFO: Protect vendor folder in module statssearch [] []
[2021-01-11 13:50:31] app.INFO: Module statssearch has no vendor folder [] []
[2021-01-11 13:50:31] app.INFO: Protect vendor folder in module statsstock [] []
[2021-01-11 13:50:31] app.INFO: Module statsstock has no vendor folder [] []
[2021-01-11 13:50:32] app.INFO: Protect vendor folder in module statsvisits [] []
[2021-01-11 13:50:33] app.INFO: Module statsvisits has no vendor folder [] []
[2021-01-11 13:50:34] app.INFO: Protect vendor folder in module welcome [] []
[2021-01-11 13:50:34] app.INFO: Module welcome has no vendor folder [] []
[2021-01-11 13:50:36] app.INFO: Exporting mail with theme modern for language English (English) [] []
[2021-01-11 13:50:36] app.INFO: Core output folder: /opt/lampp/htdocs/prestashop_1.7.7.0/mails [] []
[2021-01-11 13:50:36] app.INFO: Modules output folder: /opt/lampp/htdocs/prestashop_1.7.7.0/modules/ [] []
[2021-01-12 14:38:26] request.INFO: Matched route "admin_payment_methods". {"route":"admin_payment_methods","route_parameters":{"_controller":"PrestaShopBundle\\Controller\\Admin\\Improve\\Payment\\PaymentMethodsController::indexAction","_legacy_controller":"AdminPayment","_legacy_link":"AdminPayment","_route":"admin_payment_methods"},"request_uri":"http://localhost/prestashop_1.7.7.0/admin922axdc40/index.php/improve/payment/payment_methods?_token=OUuyVe-r12qhUs5AsC3Ho4oJkL-LP-IsAas7cLbuMYE","method":"GET"} []
[2021-01-12 14:38:26] security.DEBUG: Read existing security token from the session. {"key":"_security_main","token_class":"Symfony\\Component\\Security\\Core\\Authentication\\Token\\UsernamePasswordToken"} []
[2021-01-12 14:38:26] security.DEBUG: User was reloaded from a user provider. {"provider":"PrestaShopBundle\\Security\\Admin\\EmployeeProvider","username":"morriskoome.mk@gmail.com"} []
[2021-01-12 14:38:26] app.ERROR: Data from PrestaShop Addons is invalid, and cannot fallback on cache.  {"exception":"cURL error 6: Couldn't resolve host 'api-addons.prestashop.com'"} []
[2021-01-12 14:38:27] security.DEBUG: Stored the security token in the session. {"key":"_security_main"} []
[2021-01-12 14:41:12] request.INFO: Matched route "admin_product_form". {"route":"admin_product_form","route_parameters":{"_controller":"PrestaShopBundle\\Controller\\Admin\\ProductController::formAction","_legacy_controller":"AdminProducts","_legacy_param_mapper_class":"PrestaShop\\PrestaShop\\Adapter\\Product\\AdminProductDataProvider","_legacy_param_mapper_method":"mapLegacyParametersProductForm","id":"21","_route":"admin_product_form"},"request_uri":"http://localhost/prestashop_1.7.7.0/admin922axdc40/index.php/sell/catalog/products/21?_token=OUuyVe-r12qhUs5AsC3Ho4oJkL-LP-IsAas7cLbuMYE","method":"GET"} []
[2021-01-12 14:41:12] security.DEBUG: Read existing security token from the session. {"key":"_security_main","token_class":"Symfony\\Component\\Security\\Core\\Authentication\\Token\\UsernamePasswordToken"} []
[2021-01-12 14:41:12] security.DEBUG: User was reloaded from a user provider. {"provider":"PrestaShopBundle\\Security\\Admin\\EmployeeProvider","username":"morriskoome.mk@gmail.com"} []
[2021-01-12 14:41:13] app.ERROR: Data from PrestaShop Addons is invalid, and cannot fallback on cache.  {"exception":"cURL error 6: Couldn't resolve host 'api-addons.prestashop.com'"} []
[2021-01-12 14:41:13] security.DEBUG: Stored the security token in the session. {"key":"_security_main"} []
[2021-01-12 16:51:06] request.INFO: Matched route "admin_module_catalog_refresh". {"route":"admin_module_catalog_refresh","route_parameters":{"category":null,"keyword":null,"_controller":"PrestaShopBundle\\Controller\\Admin\\Improve\\ModuleController::refreshCatalogAction","_legacy_controller":"AdminModulesCatalog","_legacy_link":"AdminModulesCatalog:refresh","_route":"admin_module_catalog_refresh"},"request_uri":"http://localhost/prestashop_1.7.7.0/admin922axdc40/index.php/improve/modules/catalog/refresh?_token=OUuyVe-r12qhUs5AsC3Ho4oJkL-LP-IsAas7cLbuMYE","method":"GET"} []
[2021-01-12 16:51:06] security.DEBUG: Read existing security token from the session. {"key":"_security_main","token_class":"Symfony\\Component\\Security\\Core\\Authentication\\Token\\UsernamePasswordToken"} []
[2021-01-12 16:51:06] security.DEBUG: User was reloaded from a user provider. {"provider":"PrestaShopBundle\\Security\\Admin\\EmployeeProvider","username":"morriskoome.mk@gmail.com"} []
[2021-01-12 16:51:07] app.ERROR: Data from PrestaShop Addons is invalid, and cannot fallback on cache.  {"exception":"cURL error 6: Couldn't resolve host 'api-addons.prestashop.com'"} []
[2021-01-12 16:51:08] security.DEBUG: Stored the security token in the session. {"key":"_security_main"} []
[2021-01-12 16:51:06] request.INFO: Matched route "admin_module_notification_count". {"route":"admin_module_notification_count","route_parameters":{"_controller":"PrestaShopBundle\\Controller\\Admin\\Improve\\Modules\\AlertsController::notificationsCountAction","_legacy_controller":"AdminModulesNotifications","_legacy_link":"AdminModulesNotifications:count","_route":"admin_module_notification_count"},"request_uri":"http://localhost/prestashop_1.7.7.0/admin922axdc40/index.php/improve/modules/alerts/count?_token=OUuyVe-r12qhUs5AsC3Ho4oJkL-LP-IsAas7cLbuMYE","method":"GET"} []
[2021-01-12 16:51:08] security.DEBUG: Read existing security token from the session. {"key":"_security_main","token_class":"Symfony\\Component\\Security\\Core\\Authentication\\Token\\UsernamePasswordToken"} []
[2021-01-12 16:51:08] security.DEBUG: User was reloaded from a user provider. {"provider":"PrestaShopBundle\\Security\\Admin\\EmployeeProvider","username":"morriskoome.mk@gmail.com"} []
[2021-01-12 16:51:08] app.ERROR: Data from PrestaShop Addons is invalid, and cannot fallback on cache.  {"exception":"cURL error 6: Couldn't resolve host 'api-addons.prestashop.com'"} []
[2021-01-12 16:51:09] security.DEBUG: Stored the security token in the session. {"key":"_security_main"} []
[2021-01-12 16:51:26] request.INFO: Matched route "admin_module_manage". {"route":"admin_module_manage","route_parameters":{"category":null,"keyword":null,"_controller":"PrestaShopBundle\\Controller\\Admin\\Improve\\ModuleController::manageAction","_legacy_controller":"AdminModulesManage","_legacy_link":["AdminModulesManage","AdminModulesSf"],"_route":"admin_module_manage"},"request_uri":"http://localhost/prestashop_1.7.7.0/admin922axdc40/index.php/improve/modules/manage?_token=OUuyVe-r12qhUs5AsC3Ho4oJkL-LP-IsAas7cLbuMYE","method":"GET"} []
[2021-01-12 16:51:26] security.DEBUG: Read existing security token from the session. {"key":"_security_main","token_class":"Symfony\\Component\\Security\\Core\\Authentication\\Token\\UsernamePasswordToken"} []
[2021-01-12 16:51:26] security.DEBUG: User was reloaded from a user provider. {"provider":"PrestaShopBundle\\Security\\Admin\\EmployeeProvider","username":"morriskoome.mk@gmail.com"} []
[2021-01-12 16:51:26] app.ERROR: Data from PrestaShop Addons is invalid, and cannot fallback on cache.  {"exception":"cURL error 6: Couldn't resolve host 'api-addons.prestashop.com'"} []
[2021-01-12 16:51:26] security.DEBUG: Stored the security token in the session. {"key":"_security_main"} []
[2021-01-12 16:51:27] request.INFO: Matched route "admin_module_notification_count". {"route":"admin_module_notification_count","route_parameters":{"_controller":"PrestaShopBundle\\Controller\\Admin\\Improve\\Modules\\AlertsController::notificationsCountAction","_legacy_controller":"AdminModulesNotifications","_legacy_link":"AdminModulesNotifications:count","_route":"admin_module_notification_count"},"request_uri":"http://localhost/prestashop_1.7.7.0/admin922axdc40/index.php/improve/modules/alerts/count?_token=OUuyVe-r12qhUs5AsC3Ho4oJkL-LP-IsAas7cLbuMYE","method":"GET"} []
[2021-01-12 16:51:27] security.DEBUG: Read existing security token from the session. {"key":"_security_main","token_class":"Symfony\\Component\\Security\\Core\\Authentication\\Token\\UsernamePasswordToken"} []
[2021-01-12 16:51:27] security.DEBUG: User was reloaded from a user provider. {"provider":"PrestaShopBundle\\Security\\Admin\\EmployeeProvider","username":"morriskoome.mk@gmail.com"} []
[2021-01-12 16:51:28] app.ERROR: Data from PrestaShop Addons is invalid, and cannot fallback on cache.  {"exception":"cURL error 6: Couldn't resolve host 'api-addons.prestashop.com'"} []
[2021-01-12 16:51:28] security.DEBUG: Stored the security token in the session. {"key":"_security_main"} []
[2021-01-12 17:41:13] request.INFO: Matched route "admin_product_form". {"route":"admin_product_form","route_parameters":{"_controller":"PrestaShopBundle\\Controller\\Admin\\ProductController::formAction","_legacy_controller":"AdminProducts","_legacy_param_mapper_class":"PrestaShop\\PrestaShop\\Adapter\\Product\\AdminProductDataProvider","_legacy_param_mapper_method":"mapLegacyParametersProductForm","id":"21","_route":"admin_product_form"},"request_uri":"http://localhost/prestashop_1.7.7.0/admin922axdc40/index.php/sell/catalog/products/21?_token=OUuyVe-r12qhUs5AsC3Ho4oJkL-LP-IsAas7cLbuMYE","method":"GET"} []
[2021-01-12 17:41:13] security.DEBUG: Read existing security token from the session. {"key":"_security_main","token_class":"Symfony\\Component\\Security\\Core\\Authentication\\Token\\UsernamePasswordToken"} []
[2021-01-12 17:41:13] security.DEBUG: User was reloaded from a user provider. {"provider":"PrestaShopBundle\\Security\\Admin\\EmployeeProvider","username":"morriskoome.mk@gmail.com"} []
[2021-01-12 17:41:20] app.ERROR: Data from PrestaShop Addons is invalid, and cannot fallback on cache.  {"exception":"cURL error 6: name lookup timed out"} []
[2021-01-12 17:41:20] security.DEBUG: Stored the security token in the session. {"key":"_security_main"} []
[2021-01-13 09:20:20] request.INFO: Matched route "admin_module_configure_action". {"route":"admin_module_configure_action","route_parameters":{"_controller":"PrestaShopBundle\\Controller\\Admin\\Improve\\ModuleController::configureModuleAction","_legacy_controller":"AdminModules","module_name":"pesapal","_route":"admin_module_configure_action"},"request_uri":"http://localhost/prestashop_1.7.7.0/admin922axdc40/index.php/improve/modules/manage/action/configure/pesapal?_token=OUuyVe-r12qhUs5AsC3Ho4oJkL-LP-IsAas7cLbuMYE","method":"GET"} []
[2021-01-13 09:20:20] security.DEBUG: Read existing security token from the session. {"key":"_security_main","token_class":"Symfony\\Component\\Security\\Core\\Authentication\\Token\\UsernamePasswordToken"} []
[2021-01-13 09:20:20] security.DEBUG: User was reloaded from a user provider. {"provider":"PrestaShopBundle\\Security\\Admin\\EmployeeProvider","username":"morriskoome.mk@gmail.com"} []
[2021-01-13 09:20:25] app.ERROR: Data from PrestaShop Addons is invalid, and cannot fallback on cache.  {"exception":"cURL error 6: name lookup timed out"} []
[2021-01-13 09:20:25] security.DEBUG: Stored the security token in the session. {"key":"_security_main"} []
[2021-01-13 16:22:50] request.INFO: Matched route "admin_module_import". {"route":"admin_module_import","route_parameters":{"module_name":null,"_controller":"PrestaShopBundle\\Controller\\Admin\\Improve\\ModuleController::importModuleAction","_route":"admin_module_import"},"request_uri":"http://localhost/prestashop_1.7.7.0/admin922axdc40/index.php/improve/modules/import?_token=MFigDUNv3kRselA6xK6vs9gVDap6BnRDeyPpkdwHvJk","method":"POST"} []
[2021-01-13 16:22:53] security.DEBUG: Read existing security token from the session. {"key":"_security_main","token_class":"Symfony\\Component\\Security\\Core\\Authentication\\Token\\UsernamePasswordToken"} []
[2021-01-13 16:22:53] security.DEBUG: User was reloaded from a user provider. {"provider":"PrestaShopBundle\\Security\\Admin\\EmployeeProvider","username":"morriskoome.mk@gmail.com"} []
[2021-01-13 16:22:58] app.ERROR: Data from PrestaShop Addons is invalid, and cannot fallback on cache.  {"exception":"cURL error 6: name lookup timed out"} []
[2021-01-13 16:23:01] app.INFO: Protect vendor folder in module pesapal [] []
[2021-01-13 16:23:01] app.INFO: Module pesapal has no vendor folder [] []
[2021-01-13 16:23:01] security.DEBUG: Stored the security token in the session. {"key":"_security_main"} []
[2021-01-24 16:11:56] request.INFO: Matched route "admin_module_manage". {"route":"admin_module_manage","route_parameters":{"category":null,"keyword":null,"_controller":"PrestaShopBundle\\Controller\\Admin\\Improve\\ModuleController::manageAction","_legacy_controller":"AdminModulesManage","_legacy_link":["AdminModulesManage","AdminModulesSf"],"_route":"admin_module_manage"},"request_uri":"http://localhost/prestashop_1.7.7.0/admin922axdc40/index.php/improve/modules/manage?_token=oRYBAfZjKWGGcbDHMLcaIiH7WmRB5rZoaefmNJOzufE","method":"GET"} []
[2021-01-24 16:11:57] security.INFO: Populated the TokenStorage with an anonymous Token. [] []
[2021-01-24 16:12:04] app.ERROR: Data from PrestaShop Addons is invalid, and cannot fallback on cache.  {"exception":"cURL error 6: name lookup timed out"} []
[2021-01-24 16:12:06] security.DEBUG: Stored the security token in the session. {"key":"_security_main"} []
[2021-01-24 16:12:09] request.INFO: Matched route "admin_module_notification_count". {"route":"admin_module_notification_count","route_parameters":{"_controller":"PrestaShopBundle\\Controller\\Admin\\Improve\\Modules\\AlertsController::notificationsCountAction","_legacy_controller":"AdminModulesNotifications","_legacy_link":"AdminModulesNotifications:count","_route":"admin_module_notification_count"},"request_uri":"http://localhost/prestashop_1.7.7.0/admin922axdc40/index.php/improve/modules/alerts/count?_token=oRYBAfZjKWGGcbDHMLcaIiH7WmRB5rZoaefmNJOzufE","method":"GET"} []
[2021-01-24 16:12:11] security.DEBUG: Read existing security token from the session. {"key":"_security_main","token_class":"Symfony\\Component\\Security\\Core\\Authentication\\Token\\UsernamePasswordToken"} []
[2021-01-24 16:12:11] security.DEBUG: User was reloaded from a user provider. {"provider":"PrestaShopBundle\\Security\\Admin\\EmployeeProvider","username":"morriskoome.mk@gmail.com"} []
[2021-01-24 16:12:16] app.ERROR: Data from PrestaShop Addons is invalid, and cannot fallback on cache.  {"exception":"cURL error 28: Operation timed out after 5000 milliseconds with 271948 bytes received"} []
[2021-01-24 16:12:17] security.DEBUG: Stored the security token in the session. {"key":"_security_main"} []
[2021-01-24 16:13:15] request.INFO: Matched route "admin_module_manage". {"route":"admin_module_manage","route_parameters":{"category":null,"keyword":null,"_controller":"PrestaShopBundle\\Controller\\Admin\\Improve\\ModuleController::manageAction","_legacy_controller":"AdminModulesManage","_legacy_link":["AdminModulesManage","AdminModulesSf"],"_route":"admin_module_manage"},"request_uri":"http://localhost/prestashop_1.7.7.0/admin922axdc40/index.php/improve/modules/manage?_token=oRYBAfZjKWGGcbDHMLcaIiH7WmRB5rZoaefmNJOzufE","method":"GET"} []
[2021-01-24 16:13:15] security.DEBUG: Read existing security token from the session. {"key":"_security_main","token_class":"Symfony\\Component\\Security\\Core\\Authentication\\Token\\UsernamePasswordToken"} []
[2021-01-24 16:13:15] security.DEBUG: User was reloaded from a user provider. {"provider":"PrestaShopBundle\\Security\\Admin\\EmployeeProvider","username":"morriskoome.mk@gmail.com"} []
[2021-01-24 16:13:20] app.ERROR: Data from PrestaShop Addons is invalid, and cannot fallback on cache.  {"exception":"cURL error 28: Operation timed out after 5000 milliseconds with 226604 bytes received"} []
[2021-01-24 16:13:20] security.DEBUG: Stored the security token in the session. {"key":"_security_main"} []
[2021-01-24 16:13:22] request.INFO: Matched route "admin_module_notification_count". {"route":"admin_module_notification_count","route_parameters":{"_controller":"PrestaShopBundle\\Controller\\Admin\\Improve\\Modules\\AlertsController::notificationsCountAction","_legacy_controller":"AdminModulesNotifications","_legacy_link":"AdminModulesNotifications:count","_route":"admin_module_notification_count"},"request_uri":"http://localhost/prestashop_1.7.7.0/admin922axdc40/index.php/improve/modules/alerts/count?_token=oRYBAfZjKWGGcbDHMLcaIiH7WmRB5rZoaefmNJOzufE","method":"GET"} []
[2021-01-24 16:13:22] security.DEBUG: Read existing security token from the session. {"key":"_security_main","token_class":"Symfony\\Component\\Security\\Core\\Authentication\\Token\\UsernamePasswordToken"} []
[2021-01-24 16:13:22] security.DEBUG: User was reloaded from a user provider. {"provider":"PrestaShopBundle\\Security\\Admin\\EmployeeProvider","username":"morriskoome.mk@gmail.com"} []
[2021-01-24 16:13:27] app.ERROR: Data from PrestaShop Addons is invalid, and cannot fallback on cache.  {"exception":"cURL error 28: Operation timed out after 5000 milliseconds with 370252 bytes received"} []
[2021-01-24 16:13:27] security.DEBUG: Stored the security token in the session. {"key":"_security_main"} []
[2021-01-24 16:14:41] request.INFO: Matched route "admin_module_configure_action". {"route":"admin_module_configure_action","route_parameters":{"_controller":"PrestaShopBundle\\Controller\\Admin\\Improve\\ModuleController::configureModuleAction","_legacy_controller":"AdminModules","module_name":"ps_imageslider","_route":"admin_module_configure_action"},"request_uri":"http://localhost/prestashop_1.7.7.0/admin922axdc40/index.php/improve/modules/manage/action/configure/ps_imageslider?_token=oRYBAfZjKWGGcbDHMLcaIiH7WmRB5rZoaefmNJOzufE","method":"GET"} []
[2021-01-24 16:14:41] security.DEBUG: Read existing security token from the session. {"key":"_security_main","token_class":"Symfony\\Component\\Security\\Core\\Authentication\\Token\\UsernamePasswordToken"} []
[2021-01-24 16:14:41] security.DEBUG: User was reloaded from a user provider. {"provider":"PrestaShopBundle\\Security\\Admin\\EmployeeProvider","username":"morriskoome.mk@gmail.com"} []
[2021-01-24 16:14:46] app.ERROR: Data from PrestaShop Addons is invalid, and cannot fallback on cache.  {"exception":"cURL error 28: Operation timed out after 5000 milliseconds with 110021 bytes received"} []
[2021-01-24 16:14:47] security.DEBUG: Stored the security token in the session. {"key":"_security_main"} []
[2021-02-25 10:21:32] request.INFO: Matched route "admin_module_manage". {"route":"admin_module_manage","route_parameters":{"category":null,"keyword":null,"_controller":"PrestaShopBundle\\Controller\\Admin\\Improve\\ModuleController::manageAction","_legacy_controller":"AdminModulesManage","_legacy_link":["AdminModulesManage","AdminModulesSf"],"_route":"admin_module_manage"},"request_uri":"http://localhost/prestashop_1.7.7.0/admin922axdc40/index.php/improve/modules/manage?_token=N2JRD73FSq-qEnJSZC_-QOoz83bnzvu7rkJT13Pa4A8","method":"GET"} []
[2021-02-25 10:21:32] security.INFO: Populated the TokenStorage with an anonymous Token. [] []
[2021-02-25 10:21:33] app.ERROR: Data from PrestaShop Addons is invalid, and cannot fallback on cache.  {"exception":"cURL error 6: Couldn't resolve host 'api-addons.prestashop.com'"} []
[2021-02-25 10:21:34] security.DEBUG: Stored the security token in the session. {"key":"_security_main"} []
[2021-02-25 10:21:36] request.INFO: Matched route "admin_module_notification_count". {"route":"admin_module_notification_count","route_parameters":{"_controller":"PrestaShopBundle\\Controller\\Admin\\Improve\\Modules\\AlertsController::notificationsCountAction","_legacy_controller":"AdminModulesNotifications","_legacy_link":"AdminModulesNotifications:count","_route":"admin_module_notification_count"},"request_uri":"http://localhost/prestashop_1.7.7.0/admin922axdc40/index.php/improve/modules/alerts/count?_token=N2JRD73FSq-qEnJSZC_-QOoz83bnzvu7rkJT13Pa4A8","method":"GET"} []
[2021-02-25 10:21:37] security.DEBUG: Read existing security token from the session. {"key":"_security_main","token_class":"Symfony\\Component\\Security\\Core\\Authentication\\Token\\UsernamePasswordToken"} []
[2021-02-25 10:21:37] security.DEBUG: User was reloaded from a user provider. {"provider":"PrestaShopBundle\\Security\\Admin\\EmployeeProvider","username":"morriskoome.mk@gmail.com"} []
[2021-02-25 10:21:37] app.ERROR: Data from PrestaShop Addons is invalid, and cannot fallback on cache.  {"exception":"cURL error 6: Couldn't resolve host 'api-addons.prestashop.com'"} []
[2021-02-25 10:21:37] security.DEBUG: Stored the security token in the session. {"key":"_security_main"} []
[2021-02-25 10:21:57] request.INFO: Matched route "admin_module_manage". {"route":"admin_module_manage","route_parameters":{"category":null,"keyword":null,"_controller":"PrestaShopBundle\\Controller\\Admin\\Improve\\ModuleController::manageAction","_legacy_controller":"AdminModulesManage","_legacy_link":["AdminModulesManage","AdminModulesSf"],"_route":"admin_module_manage"},"request_uri":"http://localhost/prestashop_1.7.7.0/admin922axdc40/index.php/improve/modules/manage?_token=N2JRD73FSq-qEnJSZC_-QOoz83bnzvu7rkJT13Pa4A8","method":"GET"} []
[2021-02-25 10:21:57] security.DEBUG: Read existing security token from the session. {"key":"_security_main","token_class":"Symfony\\Component\\Security\\Core\\Authentication\\Token\\UsernamePasswordToken"} []
[2021-02-25 10:21:57] security.DEBUG: User was reloaded from a user provider. {"provider":"PrestaShopBundle\\Security\\Admin\\EmployeeProvider","username":"morriskoome.mk@gmail.com"} []
[2021-02-25 10:21:57] app.ERROR: Data from PrestaShop Addons is invalid, and cannot fallback on cache.  {"exception":"cURL error 6: Couldn't resolve host 'api-addons.prestashop.com'"} []
[2021-02-25 10:21:57] security.DEBUG: Stored the security token in the session. {"key":"_security_main"} []
[2021-02-25 10:21:58] request.INFO: Matched route "admin_module_notification_count". {"route":"admin_module_notification_count","route_parameters":{"_controller":"PrestaShopBundle\\Controller\\Admin\\Improve\\Modules\\AlertsController::notificationsCountAction","_legacy_controller":"AdminModulesNotifications","_legacy_link":"AdminModulesNotifications:count","_route":"admin_module_notification_count"},"request_uri":"http://localhost/prestashop_1.7.7.0/admin922axdc40/index.php/improve/modules/alerts/count?_token=N2JRD73FSq-qEnJSZC_-QOoz83bnzvu7rkJT13Pa4A8","method":"GET"} []
[2021-02-25 10:21:59] security.DEBUG: Read existing security token from the session. {"key":"_security_main","token_class":"Symfony\\Component\\Security\\Core\\Authentication\\Token\\UsernamePasswordToken"} []
[2021-02-25 10:21:59] security.DEBUG: User was reloaded from a user provider. {"provider":"PrestaShopBundle\\Security\\Admin\\EmployeeProvider","username":"morriskoome.mk@gmail.com"} []
[2021-02-25 10:21:59] app.ERROR: Data from PrestaShop Addons is invalid, and cannot fallback on cache.  {"exception":"cURL error 6: Couldn't resolve host 'api-addons.prestashop.com'"} []
[2021-02-25 10:21:59] security.DEBUG: Stored the security token in the session. {"key":"_security_main"} []
[2021-02-25 10:22:02] request.INFO: Matched route "admin_module_notification". {"route":"admin_module_notification","route_parameters":{"_controller":"PrestaShopBundle\\Controller\\Admin\\Improve\\Modules\\AlertsController::indexAction","_legacy_controller":"AdminModulesNotifications","_legacy_link":"AdminModulesNotifications","_route":"admin_module_notification"},"request_uri":"http://localhost/prestashop_1.7.7.0/admin922axdc40/index.php/improve/modules/alerts?_token=N2JRD73FSq-qEnJSZC_-QOoz83bnzvu7rkJT13Pa4A8","method":"GET"} []
[2021-02-25 10:22:02] security.DEBUG: Read existing security token from the session. {"key":"_security_main","token_class":"Symfony\\Component\\Security\\Core\\Authentication\\Token\\UsernamePasswordToken"} []
[2021-02-25 10:22:02] security.DEBUG: User was reloaded from a user provider. {"provider":"PrestaShopBundle\\Security\\Admin\\EmployeeProvider","username":"morriskoome.mk@gmail.com"} []
[2021-02-25 10:22:02] app.ERROR: Data from PrestaShop Addons is invalid, and cannot fallback on cache.  {"exception":"cURL error 6: Couldn't resolve host 'api-addons.prestashop.com'"} []
[2021-02-25 10:22:03] security.DEBUG: Stored the security token in the session. {"key":"_security_main"} []
[2021-02-25 10:22:03] request.INFO: Matched route "admin_module_notification_count". {"route":"admin_module_notification_count","route_parameters":{"_controller":"PrestaShopBundle\\Controller\\Admin\\Improve\\Modules\\AlertsController::notificationsCountAction","_legacy_controller":"AdminModulesNotifications","_legacy_link":"AdminModulesNotifications:count","_route":"admin_module_notification_count"},"request_uri":"http://localhost/prestashop_1.7.7.0/admin922axdc40/index.php/improve/modules/alerts/count?_token=N2JRD73FSq-qEnJSZC_-QOoz83bnzvu7rkJT13Pa4A8","method":"GET"} []
[2021-02-25 10:22:03] security.DEBUG: Read existing security token from the session. {"key":"_security_main","token_class":"Symfony\\Component\\Security\\Core\\Authentication\\Token\\UsernamePasswordToken"} []
[2021-02-25 10:22:03] security.DEBUG: User was reloaded from a user provider. {"provider":"PrestaShopBundle\\Security\\Admin\\EmployeeProvider","username":"morriskoome.mk@gmail.com"} []
[2021-02-25 10:22:03] app.ERROR: Data from PrestaShop Addons is invalid, and cannot fallback on cache.  {"exception":"cURL error 6: Couldn't resolve host 'api-addons.prestashop.com'"} []
[2021-02-25 10:22:04] security.DEBUG: Stored the security token in the session. {"key":"_security_main"} []
[2021-02-25 10:22:10] request.INFO: Matched route "admin_module_manage". {"route":"admin_module_manage","route_parameters":{"category":null,"keyword":null,"_controller":"PrestaShopBundle\\Controller\\Admin\\Improve\\ModuleController::manageAction","_legacy_controller":"AdminModulesManage","_legacy_link":["AdminModulesManage","AdminModulesSf"],"_route":"admin_module_manage"},"request_uri":"http://localhost/prestashop_1.7.7.0/admin922axdc40/index.php/improve/modules/manage?_token=N2JRD73FSq-qEnJSZC_-QOoz83bnzvu7rkJT13Pa4A8","method":"GET"} []
[2021-02-25 10:22:10] security.DEBUG: Read existing security token from the session. {"key":"_security_main","token_class":"Symfony\\Component\\Security\\Core\\Authentication\\Token\\UsernamePasswordToken"} []
[2021-02-25 10:22:10] security.DEBUG: User was reloaded from a user provider. {"provider":"PrestaShopBundle\\Security\\Admin\\EmployeeProvider","username":"morriskoome.mk@gmail.com"} []
[2021-02-25 10:22:10] app.ERROR: Data from PrestaShop Addons is invalid, and cannot fallback on cache.  {"exception":"cURL error 6: Couldn't resolve host 'api-addons.prestashop.com'"} []
[2021-02-25 10:22:10] security.DEBUG: Stored the security token in the session. {"key":"_security_main"} []
[2021-02-25 10:22:11] request.INFO: Matched route "admin_module_notification_count". {"route":"admin_module_notification_count","route_parameters":{"_controller":"PrestaShopBundle\\Controller\\Admin\\Improve\\Modules\\AlertsController::notificationsCountAction","_legacy_controller":"AdminModulesNotifications","_legacy_link":"AdminModulesNotifications:count","_route":"admin_module_notification_count"},"request_uri":"http://localhost/prestashop_1.7.7.0/admin922axdc40/index.php/improve/modules/alerts/count?_token=N2JRD73FSq-qEnJSZC_-QOoz83bnzvu7rkJT13Pa4A8","method":"GET"} []
[2021-02-25 10:22:11] security.DEBUG: Read existing security token from the session. {"key":"_security_main","token_class":"Symfony\\Component\\Security\\Core\\Authentication\\Token\\UsernamePasswordToken"} []
[2021-02-25 10:22:11] security.DEBUG: User was reloaded from a user provider. {"provider":"PrestaShopBundle\\Security\\Admin\\EmployeeProvider","username":"morriskoome.mk@gmail.com"} []
[2021-02-25 10:22:11] app.ERROR: Data from PrestaShop Addons is invalid, and cannot fallback on cache.  {"exception":"cURL error 6: Couldn't resolve host 'api-addons.prestashop.com'"} []
[2021-02-25 10:22:12] security.DEBUG: Stored the security token in the session. {"key":"_security_main"} []
[2021-03-01 16:42:44] request.INFO: Matched route "admin_module_manage". {"route":"admin_module_manage","route_parameters":{"category":null,"keyword":null,"_controller":"PrestaShopBundle\\Controller\\Admin\\Improve\\ModuleController::manageAction","_legacy_controller":"AdminModulesManage","_legacy_link":["AdminModulesManage","AdminModulesSf"],"_route":"admin_module_manage"},"request_uri":"http://localhost/prestashop_1.7.7.0/admin922axdc40/index.php/improve/modules/manage?_token=lcp2QlZ3YQvMs86nTkJUFh7qnDmlhXZaEh9bQsr-Bd8","method":"GET"} []
[2021-03-01 16:42:46] security.DEBUG: Read existing security token from the session. {"key":"_security_main","token_class":"Symfony\\Component\\Security\\Core\\Authentication\\Token\\UsernamePasswordToken"} []
[2021-03-01 16:42:46] security.DEBUG: User was reloaded from a user provider. {"provider":"PrestaShopBundle\\Security\\Admin\\EmployeeProvider","username":"morriskoome.mk@gmail.com"} []
[2021-03-01 16:42:52] app.ERROR: Data from PrestaShop Addons is invalid, and cannot fallback on cache.  {"exception":"cURL error 28: Operation timed out after 5000 milliseconds with 0 bytes received"} []
[2021-03-01 16:42:53] security.DEBUG: Stored the security token in the session. {"key":"_security_main"} []
[2021-03-01 16:42:54] request.INFO: Matched route "admin_module_notification_count". {"route":"admin_module_notification_count","route_parameters":{"_controller":"PrestaShopBundle\\Controller\\Admin\\Improve\\Modules\\AlertsController::notificationsCountAction","_legacy_controller":"AdminModulesNotifications","_legacy_link":"AdminModulesNotifications:count","_route":"admin_module_notification_count"},"request_uri":"http://localhost/prestashop_1.7.7.0/admin922axdc40/index.php/improve/modules/alerts/count?_token=lcp2QlZ3YQvMs86nTkJUFh7qnDmlhXZaEh9bQsr-Bd8","method":"GET"} []
[2021-03-01 16:42:54] security.DEBUG: Read existing security token from the session. {"key":"_security_main","token_class":"Symfony\\Component\\Security\\Core\\Authentication\\Token\\UsernamePasswordToken"} []
[2021-03-01 16:42:54] security.DEBUG: User was reloaded from a user provider. {"provider":"PrestaShopBundle\\Security\\Admin\\EmployeeProvider","username":"morriskoome.mk@gmail.com"} []
[2021-03-01 16:42:59] app.ERROR: Data from PrestaShop Addons is invalid, and cannot fallback on cache.  {"exception":"cURL error 28: Connection timed out after 5001 milliseconds"} []
[2021-03-01 16:43:00] security.DEBUG: Stored the security token in the session. {"key":"_security_main"} []
[2021-03-01 16:43:02] request.INFO: Matched route "admin_module_configure_action". {"route":"admin_module_configure_action","route_parameters":{"_controller":"PrestaShopBundle\\Controller\\Admin\\Improve\\ModuleController::configureModuleAction","_legacy_controller":"AdminModules","module_name":"ps_featuredproducts","_route":"admin_module_configure_action"},"request_uri":"http://localhost/prestashop_1.7.7.0/admin922axdc40/index.php/improve/modules/manage/action/configure/ps_featuredproducts?_token=lcp2QlZ3YQvMs86nTkJUFh7qnDmlhXZaEh9bQsr-Bd8","method":"GET"} []
[2021-03-01 16:43:02] security.DEBUG: Read existing security token from the session. {"key":"_security_main","token_class":"Symfony\\Component\\Security\\Core\\Authentication\\Token\\UsernamePasswordToken"} []
[2021-03-01 16:43:02] security.DEBUG: User was reloaded from a user provider. {"provider":"PrestaShopBundle\\Security\\Admin\\EmployeeProvider","username":"morriskoome.mk@gmail.com"} []
[2021-03-01 16:43:07] app.ERROR: Data from PrestaShop Addons is invalid, and cannot fallback on cache.  {"exception":"cURL error 28: Connection timed out after 5001 milliseconds"} []
[2021-03-01 16:43:08] security.DEBUG: Stored the security token in the session. {"key":"_security_main"} []
[2021-03-01 16:43:25] request.INFO: Matched route "admin_module_manage". {"route":"admin_module_manage","route_parameters":{"category":null,"keyword":null,"_controller":"PrestaShopBundle\\Controller\\Admin\\Improve\\ModuleController::manageAction","_legacy_controller":"AdminModulesManage","_legacy_link":["AdminModulesManage","AdminModulesSf"],"_route":"admin_module_manage"},"request_uri":"http://localhost/prestashop_1.7.7.0/admin922axdc40/index.php/improve/modules/manage?_token=lcp2QlZ3YQvMs86nTkJUFh7qnDmlhXZaEh9bQsr-Bd8","method":"GET"} []
[2021-03-01 16:43:25] security.DEBUG: Read existing security token from the session. {"key":"_security_main","token_class":"Symfony\\Component\\Security\\Core\\Authentication\\Token\\UsernamePasswordToken"} []
[2021-03-01 16:43:25] security.DEBUG: User was reloaded from a user provider. {"provider":"PrestaShopBundle\\Security\\Admin\\EmployeeProvider","username":"morriskoome.mk@gmail.com"} []
[2021-03-01 16:43:31] app.ERROR: Data from PrestaShop Addons is invalid, and cannot fallback on cache.  {"exception":"cURL error 28: Operation timed out after 5000 milliseconds with 0 bytes received"} []
[2021-03-01 16:43:31] security.DEBUG: Stored the security token in the session. {"key":"_security_main"} []
